WARNING: Method definition info(Any...) in module Base at util.jl:532 overwritten in module Logging at /home/agniorf/.julia/v0.6/Logging/src/Logging.jl:115.
WARNING: Method definition warn(Any...) in module Base at util.jl:585 overwritten in module Logging at /home/agniorf/.julia/v0.6/Logging/src/Logging.jl:115.
ERROR: LoadError: SystemError: opening file Target.csv: No such file or directory
Stacktrace:
 [1] #systemerror#44 at ./error.jl:64 [inlined]
 [2] systemerror(::String, ::Bool) at ./error.jl:64
 [3] open(::String, ::Bool, ::Bool, ::Bool, ::Bool, ::Bool) at ./iostream.jl:104
 [4] open(::String, ::String) at ./iostream.jl:132
 [5] #readtable#85(::Bool, ::Char, ::Array{Char,1}, ::Char, ::Array{String,1}, ::Array{String,1}, ::Array{String,1}, ::Bool, ::Int64, ::Array{Symbol,1}, ::Array{Any,1}, ::Bool, ::Char, ::Bool, ::Int64, ::Array{Int64,1}, ::Bool, ::Symbol, ::Bool, ::Bool, ::DataFrames.#readtable, ::String) at /home/agniorf/.julia/v0.6/DataFrames/src/dataframe/io.jl:941
 [6] readtable(::String) at /home/agniorf/.julia/v0.6/DataFrames/src/dataframe/io.jl:930
 [7] #run_single#1(::String, ::Symbol, ::String, ::Int64, ::Bool, ::Int64, ::Float64, ::Int64, ::Int64, ::String, ::String, ::#run_single) at /home/agniorf/Optimal_Clustering_Trees/Experiments/Experiment_1/src/../src/../src/evaluation_pipeline_exp.jl:16
 [8] (::#kw##run_single)(::Array{Any,1}, ::#run_single) at ./<missing>:0
 [9] #main#2(::Int64, ::Bool, ::Int64, ::Float64, ::Int64, ::String, ::String, ::Function) at /home/agniorf/Optimal_Clustering_Trees/Experiments/Experiment_1/src/../src/main.jl:20
 [10] (::#kw##main)(::Array{Any,1}, ::#main) at ./<missing>:0
 [11] include_from_node1(::String) at ./loading.jl:569
 [12] include(::String) at ./sysimg.jl:14
 [13] process_options(::Base.JLOptions) at ./client.jl:305
 [14] _start() at ./client.jl:371
while loading /home/agniorf/Optimal_Clustering_Trees/Experiments/Experiment_1/src/run-main.jl, in expression starting on line 2
srun: error: node952: task 0: Exited with exit code 1
