ERROR: LoadError: LoadError: LoadError: GitError(Code:ELOCKED, Class:OS, Failed to lock file '/home/agniorf/.julia/.cache/HttpCommon/config.lock' for writing: )
macro expansion at ./libgit2/error.jl:99 [inlined]
set!(::Base.LibGit2.GitConfig, ::String, ::String) at ./libgit2/config.jl:112
#79 at ./libgit2/libgit2.jl:262 [inlined]
with(::Base.LibGit2.##79#80{String,String}, ::Base.LibGit2.GitConfig) at ./libgit2/types.jl:608
set_remote_url(::Base.LibGit2.GitRepo, ::String) at ./libgit2/libgit2.jl:261
prefetch(::String, ::String, ::Array{String,1}) at ./pkg/cache.jl:60
resolve(::Dict{String,Base.Pkg.Types.VersionSet}, ::Dict{String,Dict{VersionNumber,Base.Pkg.Types.Available}}, ::Dict{String,Tuple{VersionNumber,Bool}}, ::Dict{String,Base.Pkg.Types.Fixed}, ::Dict{String,VersionNumber}, ::Set{String}) at ./pkg/entry.jl:516
resolve(::Dict{String,Base.Pkg.Types.VersionSet}, ::Dict{String,Dict{VersionNumber,Base.Pkg.Types.Available}}, ::Dict{String,Tuple{VersionNumber,Bool}}, ::Dict{String,Base.Pkg.Types.Fixed}) at ./pkg/entry.jl:479
edit(::Function, ::String, ::Base.Pkg.Types.VersionSet, ::Vararg{Base.Pkg.Types.VersionSet,N} where N) at ./pkg/entry.jl:30
(::Base.Pkg.Entry.##1#3{String,Base.Pkg.Types.VersionSet})() at ./task.jl:335
Stacktrace:
 [1] sync_end() at ./task.jl:287
 [2] macro expansion at ./task.jl:303 [inlined]
 [3] add(::String, ::Base.Pkg.Types.VersionSet) at ./pkg/entry.jl:51
 [4] (::Base.Pkg.Dir.##4#7{Array{Any,1},Base.Pkg.Entry.#add,Tuple{String}})() at ./pkg/dir.jl:36
 [5] cd(::Base.Pkg.Dir.##4#7{Array{Any,1},Base.Pkg.Entry.#add,Tuple{String}}, ::String) at ./file.jl:70
 [6] #cd#1(::Array{Any,1}, ::Function, ::Function, ::String, ::Vararg{String,N} where N) at ./pkg/dir.jl:36
 [7] add(::String) at ./pkg/pkg.jl:117
 [8] include_from_node1(::String) at ./loading.jl:569
 [9] include(::String) at ./sysimg.jl:14
 [10] include_from_node1(::String) at ./loading.jl:569
 [11] include(::String) at ./sysimg.jl:14
 [12] include_from_node1(::String) at ./loading.jl:569
 [13] include(::String) at ./sysimg.jl:14
 [14] process_options(::Base.JLOptions) at ./client.jl:305
 [15] _start() at ./client.jl:371
while loading /home/agniorf/Optimal_Clustering_Trees/Experiments/Experiment_1/src/../src/../src/evaluation_tools.jl, in expression starting on line 1
while loading /home/agniorf/Optimal_Clustering_Trees/Experiments/Experiment_1/src/../src/main.jl, in expression starting on line 1
while loading /home/agniorf/Optimal_Clustering_Trees/Experiments/Experiment_1/src/run-main.jl, in expression starting on line 1
srun: error: node952: task 0: Exited with exit code 1
