ERROR: LoadError: SystemError: opening file /home/agniorf/.julia/lib/v0.6/NearestNeighbors.ji: No such file or directory
Stacktrace:
 [1] #systemerror#44 at ./error.jl:64 [inlined]
 [2] systemerror(::String, ::Bool) at ./error.jl:64
 [3] open(::String, ::Bool, ::Bool, ::Bool, ::Bool, ::Bool) at ./iostream.jl:104
 [4] open(::String, ::String) at ./iostream.jl:132
 [5] stale_cachefile(::String, ::String) at ./loading.jl:770
 [6] _require_search_from_serialized(::Int64, ::Symbol, ::String, ::Bool) at ./loading.jl:228
 [7] _require(::Symbol) at ./loading.jl:434
 [8] require(::Symbol) at ./loading.jl:398
 [9] include_from_node1(::String) at ./loading.jl:569
 [10] include(::String) at ./sysimg.jl:14
 [11] anonymous at ./<missing>:2
while loading /home/agniorf/.julia/v0.6/Clustering/src/Clustering.jl, in expression starting on line 6
ERROR: LoadError: LoadError: LoadError: Failed to precompile Clustering to /home/agniorf/.julia/lib/v0.6/Clustering.ji.
Stacktrace:
 [1] compilecache(::String) at ./loading.jl:703
 [2] _require(::Symbol) at ./loading.jl:490
 [3] require(::Symbol) at ./loading.jl:398
 [4] include_from_node1(::String) at ./loading.jl:569
 [5] include(::String) at ./sysimg.jl:14
 [6] include_from_node1(::String) at ./loading.jl:569
 [7] include(::String) at ./sysimg.jl:14
 [8] include_from_node1(::String) at ./loading.jl:569
 [9] include(::String) at ./sysimg.jl:14
 [10] process_options(::Base.JLOptions) at ./client.jl:305
 [11] _start() at ./client.jl:371
while loading /home/agniorf/Optimal_Clustering_Trees/Experiments/Experiment_Real_World/src/../src/../src/evaluation_tools.jl, in expression starting on line 2
while loading /home/agniorf/Optimal_Clustering_Trees/Experiments/Experiment_Real_World/src/../src/main.jl, in expression starting on line 1
while loading /home/agniorf/Optimal_Clustering_Trees/Experiments/Experiment_Real_World/src/run-main.jl, in expression starting on line 1
srun: error: node944: task 0: Exited with exit code 1
