WARNING: The call to compilecache failed to create a usable precompiled cache file for module NearestNeighbors. Got:
WARNING: Module StaticArrays uuid did not match cache file.
WARNING: eval from module Main to Clustering:    
Expr(:call, Expr(:., :Base, :include_from_node1)::Any, "/home/agniorf/.julia/v0.6/NearestNeighbors/src/NearestNeighbors.jl")::Any
  ** incremental compilation may be broken for this module **

WARNING: Module FixedPointNumbers uuid did not match cache file.
ERROR: LoadError: LoadError: LoadError: LoadError: LoadError: Module Colors declares __precompile__(true) but require failed to create a usable precompiled cache file.
Stacktrace:
 [1] _require(::Symbol) at ./loading.jl:495
 [2] require(::Symbol) at ./loading.jl:398
 [3] include_from_node1(::String) at ./loading.jl:569
 [4] eval(::Module, ::Any) at ./boot.jl:235
 [5] _require(::Symbol) at ./loading.jl:483
 [6] require(::Symbol) at ./loading.jl:398
 [7] include_from_node1(::String) at ./loading.jl:569
while loading /home/agniorf/.julia/v0.6/ColorBrewer/src/ColorBrewer.jl, in expression starting on line 3
while loading /home/agniorf/.julia/v0.6/OptimalTrees/src/OptimalTrees.jl, in expression starting on line 8
while loading /home/agniorf/Optimal_Clustering_Trees/Experiments/Experiment_Real_World/src/../src/../src/evaluation_tools.jl, in expression starting on line 4
while loading /home/agniorf/Optimal_Clustering_Trees/Experiments/Experiment_Real_World/src/../src/main.jl, in expression starting on line 1
while loading /home/agniorf/Optimal_Clustering_Trees/Experiments/Experiment_Real_World/src/run-main.jl, in expression starting on line 1
srun: error: node962: task 0: Exited with exit code 1
