WARNING: Method definition info(Any...) in module Base at util.jl:532 overwritten in module Logging at /home/agniorf/.julia/v0.6/Logging/src/Logging.jl:115.
WARNING: Method definition warn(Any...) in module Base at util.jl:585 overwritten in module Logging at /home/agniorf/.julia/v0.6/Logging/src/Logging.jl:115.
WARNING: Method definition info(Any...) in module Base at util.jl:532 overwritten in module Logging at /home/agniorf/.julia/v0.6/Logging/src/Logging.jl:115.
WARNING: Method definition warn(Any...) in module Base at util.jl:585 overwritten in module Logging at /home/agniorf/.julia/v0.6/Logging/src/Logging.jl:115.
WARNING: Module Colors with uuid 682866048037624 is missing from the cache.
This may mean module Colors does not support precompilation but is imported by a module that does.
ERROR: LoadError: Declaring __precompile__(false) is not allowed in files that are being precompiled.
Stacktrace:
 [1] _require(::Symbol) at ./loading.jl:448
 [2] require(::Symbol) at ./loading.jl:398
 [3] include_from_node1(::String) at ./loading.jl:569
 [4] include(::String) at ./sysimg.jl:14
 [5] anonymous at ./<missing>:2
while loading /home/agniorf/.julia/v0.6/PlotUtils/src/PlotUtils.jl, in expression starting on line 7
ERROR: LoadError: Failed to precompile PlotUtils to /home/agniorf/.julia/lib/v0.6/PlotUtils.ji.
Stacktrace:
 [1] compilecache(::String) at ./loading.jl:703
 [2] _require(::Symbol) at ./loading.jl:456
 [3] require(::Symbol) at ./loading.jl:398
 [4] include_from_node1(::String) at ./loading.jl:569
 [5] include(::String) at ./sysimg.jl:14
 [6] anonymous at ./<missing>:2
while loading /home/agniorf/.julia/v0.6/Plots/src/Plots.jl, in expression starting on line 13
ERROR: LoadError: LoadError: LoadError: LoadError: Failed to precompile Plots to /home/agniorf/.julia/lib/v0.6/Plots.ji.
Stacktrace:
 [1] compilecache(::String) at ./loading.jl:703
 [2] _require(::Symbol) at ./loading.jl:456
 [3] require(::Symbol) at ./loading.jl:398
 [4] include_from_node1(::String) at ./loading.jl:569
while loading /home/agniorf/.julia/v0.6/OptimalTrees/src/OptimalTrees.jl, in expression starting on line 15
while loading /home/agniorf/Optimal_Clustering_Trees/Experiments/Experiment_Real_World/src/../src/../src/evaluation_tools.jl, in expression starting on line 4
while loading /home/agniorf/Optimal_Clustering_Trees/Experiments/Experiment_Real_World/src/../src/main.jl, in expression starting on line 1
while loading /home/agniorf/Optimal_Clustering_Trees/Experiments/Experiment_Real_World/src/run-main.jl, in expression starting on line 1
srun: error: node963: task 0: Exited with exit code 1
