WARNING: The call to compilecache failed to create a usable precompiled cache file for module StatsBase. Got:
WARNING: Precompile file header verification checks failed.
WARNING: eval from module Main to DataFrames:    
Expr(:call, Expr(:., :Base, :include_from_node1)::Any, "/home/agniorf/.julia/v0.6/StatsBase/src/StatsBase.jl")::Any
  ** incremental compilation may be broken for this module **

WARNING: Module StatsBase with uuid 682821330113780 is missing from the cache.
This may mean module StatsBase does not support precompilation but is imported by a module that does.
ERROR: LoadError: Declaring __precompile__(false) is not allowed in files that are being precompiled.
Stacktrace:
 [1] _require(::Symbol) at ./loading.jl:448
 [2] require(::Symbol) at ./loading.jl:398
 [3] include_from_node1(::String) at ./loading.jl:569
 [4] include(::String) at ./sysimg.jl:14
 [5] anonymous at ./<missing>:2
while loading /home/agniorf/.julia/v0.6/DataArrays/src/DataArrays.jl, in expression starting on line 6
ERROR: LoadError: Failed to precompile DataArrays to /home/agniorf/.julia/lib/v0.6/DataArrays.ji.
Stacktrace:
 [1] compilecache(::String) at ./loading.jl:703
 [2] _require(::Symbol) at ./loading.jl:456
 [3] require(::Symbol) at ./loading.jl:398
 [4] include_from_node1(::String) at ./loading.jl:569
 [5] include(::String) at ./sysimg.jl:14
 [6] anonymous at ./<missing>:2
while loading /home/agniorf/.julia/v0.6/DataFrames/src/DataFrames.jl, in expression starting on line 14
ERROR: LoadError: LoadError: LoadError: Failed to precompile DataFrames to /home/agniorf/.julia/lib/v0.6/DataFrames.ji.
Stacktrace:
 [1] compilecache(::String) at ./loading.jl:703
 [2] _require(::Symbol) at ./loading.jl:456
 [3] require(::Symbol) at ./loading.jl:398
 [4] include_from_node1(::String) at ./loading.jl:569
 [5] include(::String) at ./sysimg.jl:14
 [6] include_from_node1(::String) at ./loading.jl:569
 [7] include(::String) at ./sysimg.jl:14
 [8] include_from_node1(::String) at ./loading.jl:569
 [9] include(::String) at ./sysimg.jl:14
 [10] process_options(::Base.JLOptions) at ./client.jl:305
 [11] _start() at ./client.jl:371
while loading /home/agniorf/Optimal_Clustering_Trees/Experiments/Experiment_Real_World/src/../src/../src/evaluation_tools.jl, in expression starting on line 1
while loading /home/agniorf/Optimal_Clustering_Trees/Experiments/Experiment_Real_World/src/../src/main.jl, in expression starting on line 1
while loading /home/agniorf/Optimal_Clustering_Trees/Experiments/Experiment_Real_World/src/run-main.jl, in expression starting on line 1
srun: error: node944: task 0: Exited with exit code 1
