Clus run df_normalized
**********************

Date: 1/23/20 11:04 AM
File: EngyTime_depth2_seed5.out
Attributes: 2 (input: 2, output: 2)
Missing values: No

[General]
Verbose = 1
Compatibility = Latest
RandomSeed = 5
ResourceInfoLoaded = No

[Data]
File = EngyTime_depth2_seed5.arff
TestSet = None
PruneSet = None
XVal = 10
RemoveMissingTarget = No
NormalizeData = None

[Attributes]
Target = 1-2
Clustering = 1-2
Descriptive = 1-2
Key = None
Disable = None
Weights = Normalize
ClusteringWeights = 1.0
ReduceMemoryNominalAttrs = No

[Constraints]
Syntactic = None
MaxSize = Infinity
MaxError = 0.0
MaxDepth = 2

[Output]
ShowModels = {Default, Pruned, Others}
TrainErrors = Yes
ValidErrors = Yes
TestErrors = Yes
AllFoldModels = Yes
AllFoldErrors = No
AllFoldDatasets = No
UnknownFrequency = No
BranchFrequency = No
ShowInfo = {Count}
PrintModelAndExamples = No
WriteErrorFile = No
WritePredictions = {Train}
ModelIDFiles = No
WriteCurves = No
OutputPythonModel = No
OutputDatabaseQueries = No

[Nominal]
MEstimate = 1.0

[Model]
MinimalWeight = 2.0
MinimalNumberExamples = 0
MinimalKnownWeight = 0.0
ParamTuneNumberFolds = 10
ClassWeights = 0.0
NominalSubsetTests = Yes

[Tree]
Heuristic = VarianceReduction
PruningMethod = M5
M5PruningMult = 2.0
FTest = 1.0
BinarySplit = Yes
ConvertToRules = No
AlternativeSplits = No
Optimize = {}
MSENominal = No
SplitSampling = None
InductionOrder = DepthFirst

Run: 01
*******

Statistics
----------

FTValue (FTest): 1.0
Induction Time: 0.033 sec
Pruning Time: 0 sec
Model information
     Default: Nodes = 1 (Leaves: 1)
     Original: Nodes = 7 (Leaves: 4)
     Pruned: Nodes = 7 (Leaves: 4)

Training error
--------------

Number of examples: 4096
Mean absolute error (MAE)
   Default        : [0.7964,0.8284]: 0.8124
   Original       : [0.4719,0.4191]: 0.4455
   Pruned         : [0.4719,0.4191]: 0.4455
Mean squared error (MSE)
   Default        : [0.9998,0.9998]: 0.9998
   Original       : [0.339,0.2728]: 0.3059
   Pruned         : [0.339,0.2728]: 0.3059
Root mean squared error (RMSE)
   Default        : [0.9999,0.9999]: 0.9999
   Original       : [0.5822,0.5223]: 0.5531
   Pruned         : [0.5822,0.5223]: 0.5531
Weighted root mean squared error (RMSE) (Weights [1,1])
   Default        : [1,1]: 1
   Original       : [0.5823,0.5224]: 0.5531
   Pruned         : [0.5823,0.5224]: 0.5531
Pearson correlation coefficient
   Default        : [∞,-∞], Avg r^2: ∞
   Original       : [0.813,0.8527], Avg r^2: 0.694
   Pruned         : [0.813,0.8527], Avg r^2: 0.694

Default Model
*************

[-0,-0]: 4096

Original Model
**************

V3 > -0.0177304609093048
+--yes: V2 > 0.088413359007656
|       +--yes: [0.782834,0.671808]: 1064
|       +--no:  [-0.618726,1.185365]: 828
+--no:  V2 > 0.411177074526286
        +--yes: [1.405391,-0.568349]: 533
        +--no:  [-0.640157,-0.833846]: 1671

Pruned Model
************

V3 > -0.0177304609093048
+--yes: V2 > 0.088413359007656
|       +--yes: [0.782834,0.671808]: 1064
|       +--no:  [-0.618726,1.185365]: 828
+--no:  V2 > 0.411177074526286
        +--yes: [1.405391,-0.568349]: 533
        +--no:  [-0.640157,-0.833846]: 1671

