Clus run df_normalized
**********************

Date: 1/23/20 11:14 AM
File: Target_depth1_seed3.out
Attributes: 2 (input: 2, output: 2)
Missing values: No

[General]
Verbose = 1
Compatibility = Latest
RandomSeed = 3
ResourceInfoLoaded = No

[Data]
File = Target_depth1_seed3.arff
TestSet = None
PruneSet = None
XVal = 10
RemoveMissingTarget = No
NormalizeData = None

[Attributes]
Target = 1-2
Clustering = 1-2
Descriptive = 1-2
Key = None
Disable = None
Weights = Normalize
ClusteringWeights = 1.0
ReduceMemoryNominalAttrs = No

[Constraints]
Syntactic = None
MaxSize = Infinity
MaxError = 0.0
MaxDepth = 1

[Output]
ShowModels = {Default, Pruned, Others}
TrainErrors = Yes
ValidErrors = Yes
TestErrors = Yes
AllFoldModels = Yes
AllFoldErrors = No
AllFoldDatasets = No
UnknownFrequency = No
BranchFrequency = No
ShowInfo = {Count}
PrintModelAndExamples = No
WriteErrorFile = No
WritePredictions = {Train}
ModelIDFiles = No
WriteCurves = No
OutputPythonModel = No
OutputDatabaseQueries = No

[Nominal]
MEstimate = 1.0

[Model]
MinimalWeight = 2.0
MinimalNumberExamples = 0
MinimalKnownWeight = 0.0
ParamTuneNumberFolds = 10
ClassWeights = 0.0
NominalSubsetTests = Yes

[Tree]
Heuristic = VarianceReduction
PruningMethod = M5
M5PruningMult = 2.0
FTest = 1.0
BinarySplit = Yes
ConvertToRules = No
AlternativeSplits = No
Optimize = {}
MSENominal = No
SplitSampling = None
InductionOrder = DepthFirst

Run: 01
*******

Statistics
----------

FTValue (FTest): 1.0
Induction Time: 0.011 sec
Pruning Time: 0.001 sec
Model information
     Default: Nodes = 1 (Leaves: 1)
     Original: Nodes = 3 (Leaves: 2)
     Pruned: Nodes = 3 (Leaves: 2)

Training error
--------------

Number of examples: 770
Mean absolute error (MAE)
   Default        : [0.7247,0.7198]: 0.7223
   Original       : [0.7239,0.507]: 0.6155
   Pruned         : [0.7239,0.507]: 0.6155
Mean squared error (MSE)
   Default        : [0.9987,0.9987]: 0.9987
   Original       : [0.9946,0.4542]: 0.7244
   Pruned         : [0.9946,0.4542]: 0.7244
Root mean squared error (RMSE)
   Default        : [0.9994,0.9994]: 0.9994
   Original       : [0.9973,0.6739]: 0.8511
   Pruned         : [0.9973,0.6739]: 0.8511
Weighted root mean squared error (RMSE) (Weights [1.001,1.001])
   Default        : [1,1]: 1
   Original       : [0.998,0.6744]: 0.8517
   Pruned         : [0.998,0.6744]: 0.8517
Pearson correlation coefficient
   Default        : [0,0], Avg r^2: 0
   Original       : [0.0639,0.7384], Avg r^2: 0.2747
   Pruned         : [0.0639,0.7384], Avg r^2: 0.2747

Default Model
*************

[0,0]: 770

Original Model
**************

V3 > 0.558567688263693
+--yes: [-0.126722,1.46399]: 156
+--no:  [0.032196,-0.371958]: 614

Pruned Model
************

V3 > 0.558567688263693
+--yes: [-0.126722,1.46399]: 156
+--no:  [0.032196,-0.371958]: 614

