Clus run df_normalized
**********************

Date: 1/23/20 11:04 AM
File: Tetra_depth1_seed2.out
Attributes: 3 (input: 3, output: 3)
Missing values: No

[General]
Verbose = 1
Compatibility = Latest
RandomSeed = 2
ResourceInfoLoaded = No

[Data]
File = Tetra_depth1_seed2.arff
TestSet = None
PruneSet = None
XVal = 10
RemoveMissingTarget = No
NormalizeData = None

[Attributes]
Target = 1-3
Clustering = 1-3
Descriptive = 1-3
Key = None
Disable = None
Weights = Normalize
ClusteringWeights = 1.0
ReduceMemoryNominalAttrs = No

[Constraints]
Syntactic = None
MaxSize = Infinity
MaxError = 0.0
MaxDepth = 1

[Output]
ShowModels = {Default, Pruned, Others}
TrainErrors = Yes
ValidErrors = Yes
TestErrors = Yes
AllFoldModels = Yes
AllFoldErrors = No
AllFoldDatasets = No
UnknownFrequency = No
BranchFrequency = No
ShowInfo = {Count}
PrintModelAndExamples = No
WriteErrorFile = No
WritePredictions = {Train}
ModelIDFiles = No
WriteCurves = No
OutputPythonModel = No
OutputDatabaseQueries = No

[Nominal]
MEstimate = 1.0

[Model]
MinimalWeight = 2.0
MinimalNumberExamples = 0
MinimalKnownWeight = 0.0
ParamTuneNumberFolds = 10
ClassWeights = 0.0
NominalSubsetTests = Yes

[Tree]
Heuristic = VarianceReduction
PruningMethod = M5
M5PruningMult = 2.0
FTest = 1.0
BinarySplit = Yes
ConvertToRules = No
AlternativeSplits = No
Optimize = {}
MSENominal = No
SplitSampling = None
InductionOrder = DepthFirst

Run: 01
*******

Statistics
----------

FTValue (FTest): 1.0
Induction Time: 0.008 sec
Pruning Time: 0.001 sec
Model information
     Default: Nodes = 1 (Leaves: 1)
     Original: Nodes = 3 (Leaves: 2)
     Pruned: Nodes = 3 (Leaves: 2)

Training error
--------------

Number of examples: 400
Mean absolute error (MAE)
   Default        : [0.817,0.8156,0.8048]: 0.8125
   Original       : [0.8168,0.8156,0.406]: 0.6795
   Pruned         : [0.8168,0.8156,0.406]: 0.6795
Mean squared error (MSE)
   Default        : [0.9975,0.9975,0.9975]: 0.9975
   Original       : [0.9975,0.9975,0.2445]: 0.7465
   Pruned         : [0.9975,0.9975,0.2445]: 0.7465
Root mean squared error (RMSE)
   Default        : [0.9987,0.9987,0.9987]: 0.9987
   Original       : [0.9987,0.9987,0.4944]: 0.864
   Pruned         : [0.9987,0.9987,0.4944]: 0.864
Weighted root mean squared error (RMSE) (Weights [1.003,1.003,1.003])
   Default        : [1,1,1]: 1
   Original       : [1,1,0.4951]: 0.8651
   Pruned         : [1,1,0.4951]: 0.8651
Pearson correlation coefficient
   Default        : [-0,-0,0], Avg r^2: 0
   Original       : [0.0015,0.0009,0.8689], Avg r^2: 0.2516
   Pruned         : [0.0015,0.0009,0.8689], Avg r^2: 0.2516

Default Model
*************

[0,0,-0]: 400

Original Model
**************

V4 > 0.491647970421072
+--yes: [0.00263,-0.001643,1.523338]: 98
+--no:  [-0.000854,0.000533,-0.494328]: 302

Pruned Model
************

V4 > 0.491647970421072
+--yes: [0.00263,-0.001643,1.523338]: 98
+--no:  [-0.000854,0.000533,-0.494328]: 302

