Clus run df_normalized
**********************

Date: 1/23/20 11:14 AM
File: Tetra_depth3_seed5.out
Attributes: 3 (input: 3, output: 3)
Missing values: No

[General]
Verbose = 1
Compatibility = Latest
RandomSeed = 5
ResourceInfoLoaded = No

[Data]
File = Tetra_depth3_seed5.arff
TestSet = None
PruneSet = None
XVal = 10
RemoveMissingTarget = No
NormalizeData = None

[Attributes]
Target = 1-3
Clustering = 1-3
Descriptive = 1-3
Key = None
Disable = None
Weights = Normalize
ClusteringWeights = 1.0
ReduceMemoryNominalAttrs = No

[Constraints]
Syntactic = None
MaxSize = Infinity
MaxError = 0.0
MaxDepth = 3

[Output]
ShowModels = {Default, Pruned, Others}
TrainErrors = Yes
ValidErrors = Yes
TestErrors = Yes
AllFoldModels = Yes
AllFoldErrors = No
AllFoldDatasets = No
UnknownFrequency = No
BranchFrequency = No
ShowInfo = {Count}
PrintModelAndExamples = No
WriteErrorFile = No
WritePredictions = {Train}
ModelIDFiles = No
WriteCurves = No
OutputPythonModel = No
OutputDatabaseQueries = No

[Nominal]
MEstimate = 1.0

[Model]
MinimalWeight = 2.0
MinimalNumberExamples = 0
MinimalKnownWeight = 0.0
ParamTuneNumberFolds = 10
ClassWeights = 0.0
NominalSubsetTests = Yes

[Tree]
Heuristic = VarianceReduction
PruningMethod = M5
M5PruningMult = 2.0
FTest = 1.0
BinarySplit = Yes
ConvertToRules = No
AlternativeSplits = No
Optimize = {}
MSENominal = No
SplitSampling = None
InductionOrder = DepthFirst

Run: 01
*******

Statistics
----------

FTValue (FTest): 1.0
Induction Time: 0.015 sec
Pruning Time: 0 sec
Model information
     Default: Nodes = 1 (Leaves: 1)
     Original: Nodes = 15 (Leaves: 8)
     Pruned: Nodes = 15 (Leaves: 8)

Training error
--------------

Number of examples: 400
Mean absolute error (MAE)
   Default        : [0.817,0.8156,0.8048]: 0.8125
   Original       : [0.3604,0.3826,0.3416]: 0.3615
   Pruned         : [0.3604,0.3826,0.3416]: 0.3615
Mean squared error (MSE)
   Default        : [0.9975,0.9975,0.9975]: 0.9975
   Original       : [0.1957,0.2216,0.1811]: 0.1995
   Pruned         : [0.1957,0.2216,0.1811]: 0.1995
Root mean squared error (RMSE)
   Default        : [0.9987,0.9987,0.9987]: 0.9987
   Original       : [0.4423,0.4708,0.4256]: 0.4466
   Pruned         : [0.4423,0.4708,0.4256]: 0.4466
Weighted root mean squared error (RMSE) (Weights [1.003,1.003,1.003])
   Default        : [1,1,1]: 1
   Original       : [0.4429,0.4714,0.4261]: 0.4472
   Pruned         : [0.4429,0.4714,0.4261]: 0.4472
Pearson correlation coefficient
   Default        : [-0,-0,0], Avg r^2: 0
   Original       : [0.8966,0.8819,0.9047], Avg r^2: 0.8
   Pruned         : [0.8966,0.8819,0.9047], Avg r^2: 0.8

Default Model
*************

[0,0,-0]: 400

Original Model
**************

V4 > 0.491647970421072
+--yes: V2 > -0.0120564587641389
|       +--yes: V3 > 0.0461892777807679
|       |       +--yes: [0.327094,0.417275,1.683557]: 27
|       |       +--no:  [0.433709,-0.344259,1.505281]: 27
|       +--no:  V4 > 1.2793350364622
|               +--yes: [-0.488644,0.04453,1.760699]: 27
|               +--no:  [-0.41709,-0.196159,0.920564]: 17
+--no:  V2 > 0.364570983871507
        +--yes: V4 > -0.607091122574288
        |       +--yes: [1.497261,-0.001152,-0.166962]: 59
        |       +--no:  [1.363716,-0.009674,-1.016039]: 39
        +--no:  V3 > -0.157769933784754
                +--yes: [-0.683618,1.207273,-0.487434]: 103
                +--no:  [-0.706618,-1.225177,-0.49114]: 101

Pruned Model
************

V4 > 0.491647970421072
+--yes: V2 > -0.0120564587641389
|       +--yes: V3 > 0.0461892777807679
|       |       +--yes: [0.327094,0.417275,1.683557]: 27
|       |       +--no:  [0.433709,-0.344259,1.505281]: 27
|       +--no:  V4 > 1.2793350364622
|               +--yes: [-0.488644,0.04453,1.760699]: 27
|               +--no:  [-0.41709,-0.196159,0.920564]: 17
+--no:  V2 > 0.364570983871507
        +--yes: V4 > -0.607091122574288
        |       +--yes: [1.497261,-0.001152,-0.166962]: 59
        |       +--no:  [1.363716,-0.009674,-1.016039]: 39
        +--no:  V3 > -0.157769933784754
                +--yes: [-0.683618,1.207273,-0.487434]: 103
                +--no:  [-0.706618,-1.225177,-0.49114]: 101

